
Showing logs for build [32mcb-kubecd-environment-pr-500-8-lcr5k-1[0m stage [32mfrom-build-pack[0m and container [32mstep-credential-initializer-bqnv4[0m
{"level":"info","ts":1587643559.0063872,"logger":"fallback-logger","caller":"logging/config.go:69","msg":"Fetch GitHub commit ID from kodata failed: open /var/run/ko/refs/heads/0.8.0-ns-support: no such file or directory"}
{"level":"info","ts":1587643559.0075538,"logger":"fallback-logger","caller":"creds-init/main.go:40","msg":"Credentials initialized."}

Showing logs for build [32mcb-kubecd-environment-pr-500-8-lcr5k-1[0m stage [32mfrom-build-pack[0m and container [32mstep-working-dir-initializer-vzllf[0m
{"level":"info","ts":1587643560.393506,"logger":"fallback-logger","caller":"logging/config.go:69","msg":"Fetch GitHub commit ID from kodata failed: open /var/run/ko/HEAD: no such file or directory"}
{"level":"info","ts":1587643560.3949792,"logger":"fallback-logger","caller":"bash/main.go:64","msg":"Successfully executed command \"sh -c mkdir -p /workspace/source\"; output "}

Showing logs for build [32mcb-kubecd-environment-pr-500-8-lcr5k-1[0m stage [32mfrom-build-pack[0m and container [32mstep-place-tools[0m

Showing logs for build [32mcb-kubecd-environment-pr-500-8-lcr5k-1[0m stage [32mfrom-build-pack[0m and container [32mstep-git-source-cb-kubecd-environment-pr-500-8-lcr5k-twlkh[0m
{"level":"info","ts":1587643563.5028255,"logger":"fallback-logger","caller":"logging/config.go:69","msg":"Fetch GitHub commit ID from kodata failed: open /var/run/ko/refs/heads/0.8.0-ns-support: no such file or directory"}
{"level":"info","ts":1587643564.535914,"logger":"fallback-logger","caller":"git/git.go:103","msg":"Successfully cloned https://github.com/cb-kubecd/environment-pr-500-8-bdd-frontend-staging.git @ master in path /workspace/source"}

Showing logs for build [32mcb-kubecd-environment-pr-500-8-lcr5k-1[0m stage [32mfrom-build-pack[0m and container [32mstep-git-merge[0m
Using SHAs from PULL_REFS=master:fed6cbb0d3ac86ffb92ed438b411fe7355c2441c,1:cdf10e201505e8c0a62109b61001e00150e17c3a
DEBUG: LC_ALL=C JX_LOG_LEVEL=error git fetch origin --unshallow cdf10e201505e8c0a62109b61001e00150e17c3a: fed6cbb0d3ac86ffb92ed438b411fe7355c2441c:
DEBUG: ran git fetch --unshallow origin cdf10e201505e8c0a62109b61001e00150e17c3a: fed6cbb0d3ac86ffb92ed438b411fe7355c2441c: in 
DEBUG: LC_ALL=C JX_LOG_LEVEL=error git branch
DEBUG: LC_ALL=C JX_LOG_LEVEL=error git checkout master
DEBUG: ran git checkout master in 
DEBUG: LC_ALL=C JX_LOG_LEVEL=error git reset --hard fed6cbb0d3ac86ffb92ed438b411fe7355c2441c
DEBUG: ran git reset --hard fed6cbb0d3ac86ffb92ed438b411fe7355c2441c in 
DEBUG: LC_ALL=C JX_LOG_LEVEL=error git clean -fd .
DEBUG: ran clean --force -d . in 
DEBUG: LC_ALL=C JX_LOG_LEVEL=error git merge cdf10e201505e8c0a62109b61001e00150e17c3a
DEBUG: ran git merge cdf10e201505e8c0a62109b61001e00150e17c3a in 
DEBUG: LC_ALL=C JX_LOG_LEVEL=error git log --format=%H%x1f%an%x1f%ae%x1f%cn%x1f%ce%x1f%s%n%b%x1e fed6cbb0d3ac86ffb92ed438b411fe7355c2441c..HEAD
Merged SHA cdf10e201505e8c0a62109b61001e00150e17c3a with commit message 'chore: Promote bdd-nh-1587642498 to version 0.0.1' into base branch master

Showing logs for build [32mcb-kubecd-environment-pr-500-8-lcr5k-1[0m stage [32mfrom-build-pack[0m and container [32mstep-build-helm-build[0m
WARNING: No $CHART_REPOSITORY defined so using the default value of: http://jenkins-x-chartmuseum:8080
Adding missing Helm repo: storage.googleapis.com https://storage.googleapis.com/chartmuseum.jenkins-x.io
WARNING: No secrets found on "helm/repos" due: reading the secret "helm/repos" from vault: no secret "helm/repos" not found in vault
Read credentials for https://storage.googleapis.com/chartmuseum.jenkins-x.io from vault helm/repos
Successfully added Helm repository storage.googleapis.com.
Adding missing Helm repo: jenkins-x-chartmuseum http://jenkins-x-chartmuseum:8080
WARNING: No secrets found on "helm/repos" due: reading the secret "helm/repos" from vault: no secret "helm/repos" not found in vault
Read credentials for http://jenkins-x-chartmuseum:8080 from vault helm/repos
Successfully added Helm repository jenkins-x-chartmuseum.
WARNING: No $CHART_REPOSITORY defined so using the default value of: http://jenkins-x-chartmuseum:8080
Adding missing Helm repo: chartmuseum.jenkins-x.io http://chartmuseum.jenkins-x.io
WARNING: No secrets found on "helm/repos" due: reading the secret "helm/repos" from vault: no secret "helm/repos" not found in vault
Read credentials for http://chartmuseum.jenkins-x.io from vault helm/repos
Successfully added Helm repository chartmuseum.jenkins-x.io.
